2025-12-25T22:20:54 update: added Downloads/Made in Indie/01. Tsumyoki - Don't Even Text [Explicit].flac
2025-12-25T22:20:54 update: added Downloads/Made in Indie/02. Kushagra - Finding Her.flac
2025-12-25T22:20:54 update: added Downloads/Made in Indie/03. Ritviz - Liggi.flac
2025-12-25T22:20:54 update: added Downloads/Made in Indie/04. Akshath - nadaaniyan.flac
2025-12-25T22:20:54 update: added Downloads/Made in Indie/05. Anuv Jain - Arz Kiya Hai - Coke Studio Bharat.flac
2025-12-25T22:20:54 update: added Downloads/Made in Indie/06. Kamakshi Khanna - Duur.flac
2025-12-25T22:20:54 update: added Downloads/Made in Indie/07. Anumita Nadesan - ahista.flac
2025-12-25T22:20:54 update: added Downloads/Made in Indie/08. Bharat Chauhan - Ghar.flac
2025-12-25T22:20:54 update: added Downloads/Made in Indie/09. OAFF - Matcha.flac
2025-12-25T22:20:54 update: added Downloads/Made in Indie/10. Taba Chake - Aao Chalein.flac
2025-12-25T22:20:54 update: added Downloads/Made in Indie/13. The Local Train - Choo Lo.flac
2025-12-25T22:20:54 update: added Downloads/Made in Indie/14. Shashwat Bulusu - Raani.flac
2025-12-25T22:20:54 update: added Downloads/Made in Indie/15. Faheem Abdullah - Ishq (From "Lost;Found").flac
2025-12-25T22:20:54 update: added Downloads/Made in Indie/16. Raman Negi - Mehroom.flac
2025-12-25T22:20:54 update: added Downloads/Made in Indie/17. The Yellow Diary - Kahe Kahe.flac
2025-12-25T22:20:54 update: added Downloads/Made in Indie/18. Black Letters - Simpler Times.flac
2025-12-25T22:20:54 update: added Downloads/Made in Indie/19. Savera - Love Lost.flac
2025-12-25T22:20:54 update: added Downloads/Made in Indie/20. Dream Note - Waqt Ki Baatein.flac
2025-12-25T22:20:54 update: added Downloads/Made in Indie/21. Aditya A - Chaand Baaliyan.flac
2025-12-25T22:20:54 update: added Downloads/Made in Indie/22. Tanmaya Bhatnagar - Kinaare.flac
2025-12-25T22:20:54 update: added Downloads/Made in Indie/23. Peter Cat Recording Co. - Foolmuse.flac
2025-12-25T22:20:54 update: added Downloads/Made in Indie/24. Anumita Nadesan - Simti.flac
2025-12-25T22:20:54 update: added Downloads/Made in Indie/25. Prateek Kuhad - cold-mess.flac
2025-12-25T22:20:54 update: added Downloads/Made in Indie/26. When Chai Met Toast - sushi song.flac
2025-12-25T22:20:54 update: added Downloads/Made in Indie/27. Mali - Age of Limbo.flac
2025-12-25T22:20:54 update: added Downloads/Made in Indie/28. Akshath - Sitaara.flac
2025-12-25T22:20:54 update: added Downloads/Made in Indie/29. Tsumyoki - Perfect Life.flac
2025-12-25T22:20:54 update: added Downloads/Made in Indie/30. Arivu - Raasaathi.flac
2025-12-25T22:20:54 update: added Downloads/Made in Indie/31. Thaikkudam Bridge - Giddh.flac
2025-12-25T22:20:54 update: added Downloads/Made in Indie/32. The Yellow Diary - Udaan.flac
2025-12-25T22:20:54 update: added Downloads/Made in Indie/33. Sharath Narayan - Raat Rani.flac
2025-12-25T22:20:54 update: added Downloads/Made in Indie/34. OAFF - Feel You Now.flac
2025-12-25T22:20:54 update: added Downloads/Made in Indie/35. Mali - Ashes.flac
2025-12-25T22:20:54 update: added Downloads/Made in Indie/36. Prateek Kuhad - Favorite Peeps.flac
2025-12-25T22:20:54 update: added Downloads/Made in Indie/37. Farhan - Take Me Home.flac
2025-12-25T22:20:54 update: added Downloads/Made in Indie/38. Tanmaya Bhatnagar - Raat Adhoori.flac
2025-12-25T22:20:54 update: added Downloads/Made in Indie/39. Hari & Sukhmani - Baagay.flac
2025-12-25T22:20:54 update: added Downloads/Made in Indie/40. Lost Stories - Noor.flac
2025-12-25T22:20:54 update: added Downloads/Made in Indie/41. Zaeden - KTMBK.flac
2025-12-25T22:20:54 update: added Downloads/Made in Indie/42. Prateek Kuhad - Just A Word.flac
2025-12-25T22:20:54 update: added Downloads/Made in Indie/43. Ritviz - Baaraat.flac
2025-12-25T22:20:54 update: added Downloads/Made in Indie/44. Prateek Kuhad - Shehron Ke Raaz.flac
2025-12-25T22:20:54 update: added Downloads/MAATS - Frieren - Piano Felt Version (Felt)/1. MAATS - Zoltraak (From "Frieren") - Piano (Felt).flac
2025-12-25T22:20:54 update: added Downloads/MAATS - Frieren - Piano Felt Version (Felt)/2. MAATS - Time Flows Ever Onward (From "Frieren") - Piano (Felt).flac
2025-12-25T22:20:54 update: added Downloads/MAATS - Frieren - Piano Felt Version (Felt)/3. MAATS - Journey of a Lifetime (Main Theme From "Frieren") - Piano (Felt).flac
2025-12-25T22:20:54 update: added Downloads/MAATS - Frieren - Piano Felt Version (Felt)/4. MAATS - One Last Adventure (From "Frieren") - Piano (Felt).flac
2025-12-25T22:20:54 update: added Downloads/Best of 2025: India/01. Ed Sheeran - Sapphire (feat. Arijit Singh) [Remix].flac
2025-12-25T22:20:54 update: added Downloads/Best of 2025: India/02. Tanishk Bagchi - Saiyaara.flac
2025-12-25T22:20:54 update: added Downloads/Best of 2025: India/03. Anirudh Ravichander - Monica.flac
2025-12-25T22:20:54 update: added Downloads/Best of 2025: India/04. HUNTR-X - Golden.flac
2025-12-25T22:20:54 update: added Downloads/Best of 2025: India/05. Karan Aujla - For A Reason.flac
2025-12-25T22:20:54 update: added Downloads/Best of 2025: India/06. Thaman S - Firestorm.flac
2025-12-25T22:20:54 update: added Downloads/Best of 2025: India/07. Amit Trivedi - Uyi Amma.flac
2025-12-25T22:20:54 update: added Downloads/Best of 2025: India/08. Guru Randhawa - Sirra.flac
2025-12-25T22:20:54 update: added Downloads/Best of 2025: India/09. Taylor Swift - The Fate of Ophelia.flac
2025-12-25T22:20:54 update: added Downloads/Best of 2025: India/10. Shashwat Sachdev - Dhurandhar - Title Track (From "Dhurandhar").flac
2025-12-25T22:20:54 update: added Downloads/Best of 2025: India/11. Sid Sriram - Vazhithunaiye.flac
2025-12-25T22:20:54 update: added Downloads/Best of 2025: India/12. Kushagra - Finding Her.flac
2025-12-25T22:20:54 update: added Downloads/Best of 2025: India/13. A. R. Rahman - Tere Ishk Mein.flac
2025-12-25T22:20:54 update: added Downloads/Best of 2025: India/14. Santhosh Narayanan - Kanimaa.flac
2025-12-25T22:20:54 update: added Downloads/Best of 2025: India/15. Sanju Rathod - Shaky.flac
2025-12-25T22:20:54 update: added Downloads/Best of 2025: India/16. Shashwat Sachdev - Ghafoor [Explicit].flac
2025-12-25T22:20:54 update: added Downloads/Best of 2025: India/17. Anuv Jain - Afsos.flac
2025-12-25T22:20:54 update: added Downloads/Best of 2025: India/18. Yo Yo Honey Singh - Laal Pari.flac
2025-12-25T22:20:54 update: added Downloads/Best of 2025: India/19. Anuv Jain - Arz Kiya Hai - Coke Studio Bharat.flac
2025-12-25T22:20:54 update: added Downloads/Best of 2025: India/20. AP Dhillon - Thodi Si Daaru.flac
2025-12-25T22:20:54 update: added Downloads/Best of 2025: India/21. Chinmayi Sripada - Muththa Mazhai (Reprise).flac
2025-12-25T22:20:54 update: added Downloads/Best of 2025: India/22. Sachin-Jigar - Pardesiya (From "Param Sundari").flac
2025-12-25T22:20:54 update: added Downloads/Best of 2025: India/23. Anurag Saikia - Ishq Hai.flac
2025-12-25T22:20:54 update: added Downloads/Best of 2025: India/24. Vaishali Samant - Jinguchaa.flac
2025-12-25T22:20:54 update: added Downloads/Best of 2025: India/25. Pritam - Aavan Jaavan.flac
2025-12-25T22:20:54 update: added Downloads/Best of 2025: India/26. Anirudh Ravichander - Hridayam Lopala.flac
2025-12-25T22:20:54 update: added Downloads/Best of 2025: India/27. Hanumankind - Run It Up [Clean].flac
2025-12-25T22:20:54 update: added Downloads/Best of 2025: India/28. Pritam - Zamaana Lage.flac
2025-12-25T22:20:54 update: added Downloads/Best of 2025: India/29. Mithoon - Dhun.flac
2025-12-25T22:20:54 update: added Downloads/Best of 2025: India/30. Saja Boys - Soda Pop.flac
2025-12-25T22:20:54 update: added Downloads/Best of 2025: India/31. Arijit Singh - Tu Hain Toh Main Hoon (From "Sky Force").flac
2025-12-25T22:20:54 update: added Downloads/Best of 2025: India/32. BLACKPINK - JUMP [Explicit].flac
2025-12-25T22:20:54 update: added Downloads/Best of 2025: India/33. Anirudh Ravichander - Powerhouse.flac
2025-12-25T22:20:54 update: added Downloads/Best of 2025: India/34. Karan Aujla - At Peace.flac
2025-12-25T22:20:54 update: added Downloads/Best of 2025: India/35. Sachin-Jigar - Tere Ishq Mein - From "Nadaaniyan".flac
2025-12-25T22:20:54 update: added Downloads/Best of 2025: India/36. G.V.Prakash Kumar - Adhi Dha Surprisu.flac
2025-12-25T22:20:54 update: added Downloads/Best of 2025: India/37. Karan Aujla - Aaye Haaye (Feat. Nora Fatehi).flac
2025-12-25T22:20:54 update: added Downloads/Best of 2025: India/38. Guru Randhawa - Qatal.flac
2025-12-25T22:20:54 update: added Downloads/Best of 2025: India/39. Santhosh Narayanan - Pottala Muttaye.flac
2025-12-25T22:20:54 update: added Downloads/Best of 2025: India/40. Anirudh Ravichander - Pathikichu.flac
2025-12-25T22:20:54 update: added Downloads/Best of 2025: India/41. JENNIE - like JENNIE [Explicit].flac
2025-12-25T22:20:54 update: added Downloads/Best of 2025: India/42. Thaman S - Dabidi Dibidi.flac
2025-12-25T22:20:54 update: added Downloads/Best of 2025: India/43. A. R. Rahman - Jaane Tu (From "Chhaava").flac
2025-12-25T22:20:54 update: added Downloads/Best of 2025: India/44. Diljit Dosanjh - Water.flac
2025-12-25T22:20:54 update: added Downloads/Best of 2025: India/45. Faheem Abdullah - Ehsaas.flac
2025-12-25T22:20:54 update: added Downloads/Best of 2025: India/46. Pritam - Dil Ka Kya.flac
2025-12-25T22:20:54 update: added Downloads/Best of 2025: India/47. Ramana Gogula - Godari Gattu Meedha.flac
2025-12-25T22:20:54 update: added Downloads/Best of 2025: India/48. Pritam - Zohra Jabeen.flac
2025-12-25T22:20:54 update: added Downloads/Best of 2025: India/49. Yo Yo Honey Singh - Maniac - Bonus Track [From "Glory"].flac
2025-12-25T22:20:54 update: added Downloads/Best of 2025: India/50. Shankarr Babu Kandukoori - Peelings (Telugu).flac
2025-12-25T22:20:54 update: added Downloads/Best of 2025: India/51. Arijit Singh - Ajeeb-O-Gareeb.flac
2025-12-25T22:20:54 update: added Downloads/Best of 2025: India/52. Karan Aujla - MF Gabhru! [Explicit].flac
2025-12-25T22:20:54 update: added Downloads/Best of 2025: India/53. Sunidhi Chauhan - AANKH.flac
2025-12-25T22:20:54 update: added Downloads/Best of 2025: India/54. The Rish - Barbaad.flac
2025-12-25T22:20:54 update: added Downloads/Best of 2025: India/55. Anirudh Ravichander - Ragile Ragile.flac
2025-12-25T22:20:54 update: added Downloads/Best of 2025: India/56. DIVINE - Triple OG [Explicit].flac
2025-12-25T22:20:54 update: added Downloads/Best of 2025: India/57. Sid Sriram - Prema Velluva (From "Hit - 3").flac
2025-12-25T22:20:54 update: added Downloads/Best of 2025: India/58. Shubh - Supreme [Explicit].flac
2025-12-25T22:20:54 update: added Downloads/Best of 2025: India/59. Karan Aujla - Tell Me.flac
2025-12-25T22:20:54 update: added Downloads/Best of 2025: India/60. Sachin-Jigar - Nadaaniyan (Title Song).flac
2025-12-25T22:20:54 update: added Downloads/Best of 2025: India/61. Darshan Raval - Sajna.flac
2025-12-25T22:20:54 update: added Downloads/Best of 2025: India/62. A. R. Rahman - Aawaara Angaara.flac
2025-12-25T22:20:54 update: added Downloads/Rahat Fateh Ali Khan - Lag Ja Gale (From "Bhoomi").flac
2025-12-25T22:20:54 update: added Downloads/Manoj Muntashir - Tu Junooniyat (Climax Song).flac
2025-12-25T22:20:54 update: added Downloads/Rahat Fateh Ali Khan - Back 2 Love/01. Rahat Fateh Ali Khan - Rab Jaane.flac
2025-12-25T22:20:54 update: added Downloads/Rahat Fateh Ali Khan - Back 2 Love/02. Rahat Fateh Ali Khan - Habibi.flac
2025-12-25T22:20:54 update: added Downloads/Rahat Fateh Ali Khan - Back 2 Love/03. Rahat Fateh Ali Khan - Rim Jhim.flac
2025-12-25T22:20:54 update: added Downloads/Rahat Fateh Ali Khan - Back 2 Love/04. Rahat Fateh Ali Khan - Zaroori Tha.flac
2025-12-25T22:20:54 update: added Downloads/Rahat Fateh Ali Khan - Back 2 Love/05. Rahat Fateh Ali Khan - Nach Dumadum (Album Version).flac
2025-12-25T22:20:54 update: added Downloads/Rahat Fateh Ali Khan - Back 2 Love/06. Rahat Fateh Ali Khan - Sab Jhoote (Album Version).flac
2025-12-25T22:20:54 update: added Downloads/Rahat Fateh Ali Khan - Back 2 Love/07. Rahat Fateh Ali Khan - Dil Ke Taar (Album Version).flac
2025-12-25T22:20:54 update: added Downloads/Rahat Fateh Ali Khan - Back 2 Love/08. Rahat Fateh Ali Khan - Sharab-e-Husn (Album Version).flac
2025-12-25T22:20:54 update: added Downloads/Rahat Fateh Ali Khan - Back 2 Love/09. Rahat Fateh Ali Khan - Aag Lagi (Album Version).flac
2025-12-25T22:20:54 update: added Downloads/Rahat Fateh Ali Khan - Back 2 Love/10. Rahat Fateh Ali Khan - Fusion in Raag Champa Kali (Album Version).flac
2025-12-25T22:22:14 update: removing Downloads/Rahat Fateh Ali Khan - Lag Ja Gale (From "Bhoomi").flac
2025-12-25T22:22:14 update: removing Downloads/Manoj Muntashir - Tu Junooniyat (Climax Song).flac
2025-12-25T22:22:14 update: removing Downloads/Rahat Fateh Ali Khan - Back 2 Love/10. Rahat Fateh Ali Khan - Fusion in Raag Champa Kali (Album Version).flac
2025-12-25T22:22:14 update: removing Downloads/Rahat Fateh Ali Khan - Back 2 Love/09. Rahat Fateh Ali Khan - Aag Lagi (Album Version).flac
2025-12-25T22:22:14 update: removing Downloads/Rahat Fateh Ali Khan - Back 2 Love/08. Rahat Fateh Ali Khan - Sharab-e-Husn (Album Version).flac
2025-12-25T22:22:14 update: removing Downloads/Rahat Fateh Ali Khan - Back 2 Love/07. Rahat Fateh Ali Khan - Dil Ke Taar (Album Version).flac
2025-12-25T22:22:14 update: removing Downloads/Rahat Fateh Ali Khan - Back 2 Love/06. Rahat Fateh Ali Khan - Sab Jhoote (Album Version).flac
2025-12-25T22:22:14 update: removing Downloads/Rahat Fateh Ali Khan - Back 2 Love/05. Rahat Fateh Ali Khan - Nach Dumadum (Album Version).flac
2025-12-25T22:22:14 update: removing Downloads/Rahat Fateh Ali Khan - Back 2 Love/04. Rahat Fateh Ali Khan - Zaroori Tha.flac
2025-12-25T22:22:14 update: removing Downloads/Rahat Fateh Ali Khan - Back 2 Love/03. Rahat Fateh Ali Khan - Rim Jhim.flac
2025-12-25T22:22:14 update: removing Downloads/Rahat Fateh Ali Khan - Back 2 Love/02. Rahat Fateh Ali Khan - Habibi.flac
2025-12-25T22:22:14 update: removing Downloads/Rahat Fateh Ali Khan - Back 2 Love/01. Rahat Fateh Ali Khan - Rab Jaane.flac
2025-12-25T22:22:14 update: removing Downloads/Made in Indie/20. Dream Note - Waqt Ki Baatein.flac
2025-12-25T22:22:14 update: removing Downloads/Made in Indie/30. Arivu - Raasaathi.flac
2025-12-25T22:22:14 update: removing Downloads/Made in Indie/32. The Yellow Diary - Udaan.flac
2025-12-25T22:22:14 update: removing Downloads/Made in Indie/42. Prateek Kuhad - Just A Word.flac
2025-12-25T22:22:14 update: removing Downloads/Made in Indie/36. Prateek Kuhad - Favorite Peeps.flac
2025-12-25T22:22:14 update: removing Downloads/Made in Indie/37. Farhan - Take Me Home.flac
2025-12-25T22:22:14 update: removing Downloads/Made in Indie/26. When Chai Met Toast - sushi song.flac
2025-12-25T22:22:14 update: removing Downloads/Made in Indie/28. Akshath - Sitaara.flac
2025-12-25T22:22:14 update: removing Downloads/Made in Indie/24. Anumita Nadesan - Simti.flac
2025-12-25T22:22:14 update: removing Downloads/Made in Indie/18. Black Letters - Simpler Times.flac
2025-12-25T22:22:14 update: removing Downloads/Made in Indie/44. Prateek Kuhad - Shehron Ke Raaz.flac
2025-12-25T22:22:14 update: removing Downloads/Made in Indie/16. Raman Negi - Mehroom.flac
2025-12-25T22:22:14 update: removing Downloads/Made in Indie/07. Anumita Nadesan - ahista.flac
2025-12-25T22:22:14 update: removing Downloads/Made in Indie/33. Sharath Narayan - Raat Rani.flac
2025-12-25T22:22:14 update: removing Downloads/Made in Indie/38. Tanmaya Bhatnagar - Raat Adhoori.flac
2025-12-25T22:22:14 update: removing Downloads/Made in Indie/14. Shashwat Bulusu - Raani.flac
2025-12-25T22:22:14 update: removing Downloads/Made in Indie/29. Tsumyoki - Perfect Life.flac
2025-12-25T22:22:14 update: removing Downloads/Made in Indie/40. Lost Stories - Noor.flac
2025-12-25T22:22:14 update: removing Downloads/Made in Indie/04. Akshath - nadaaniyan.flac
2025-12-25T22:22:14 update: removing Downloads/Made in Indie/09. OAFF - Matcha.flac
2025-12-25T22:22:14 update: removing Downloads/Made in Indie/19. Savera - Love Lost.flac
2025-12-25T22:22:14 update: removing Downloads/Made in Indie/41. Zaeden - KTMBK.flac
2025-12-25T22:22:14 update: removing Downloads/Made in Indie/22. Tanmaya Bhatnagar - Kinaare.flac
2025-12-25T22:22:14 update: removing Downloads/Made in Indie/15. Faheem Abdullah - Ishq (From "Lost;Found").flac
2025-12-25T22:22:14 update: removing Downloads/Made in Indie/31. Thaikkudam Bridge - Giddh.flac
2025-12-25T22:22:14 update: removing Downloads/Made in Indie/08. Bharat Chauhan - Ghar.flac
2025-12-25T22:22:14 update: removing Downloads/Made in Indie/02. Kushagra - Finding Her.flac
2025-12-25T22:22:14 update: removing Downloads/Made in Indie/34. OAFF - Feel You Now.flac
2025-12-25T22:22:14 update: removing Downloads/Made in Indie/06. Kamakshi Khanna - Duur.flac
2025-12-25T22:22:14 update: removing Downloads/Made in Indie/01. Tsumyoki - Don't Even Text [Explicit].flac
2025-12-25T22:22:14 update: removing Downloads/Made in Indie/03. Ritviz - Liggi.flac
2025-12-25T22:22:14 update: removing Downloads/Made in Indie/25. Prateek Kuhad - cold-mess.flac
2025-12-25T22:22:14 update: removing Downloads/Made in Indie/17. The Yellow Diary - Kahe Kahe.flac
2025-12-25T22:22:14 update: removing Downloads/Made in Indie/21. Aditya A - Chaand Baaliyan.flac
2025-12-25T22:22:14 update: removing Downloads/Made in Indie/27. Mali - Age of Limbo.flac
2025-12-25T22:22:14 update: removing Downloads/Made in Indie/10. Taba Chake - Aao Chalein.flac
2025-12-25T22:22:14 update: removing Downloads/Made in Indie/23. Peter Cat Recording Co. - Foolmuse.flac
2025-12-25T22:22:14 update: removing Downloads/Made in Indie/43. Ritviz - Baaraat.flac
2025-12-25T22:22:14 update: removing Downloads/Made in Indie/39. Hari & Sukhmani - Baagay.flac
2025-12-25T22:22:14 update: removing Downloads/Made in Indie/35. Mali - Ashes.flac
2025-12-25T22:22:14 update: removing Downloads/Made in Indie/05. Anuv Jain - Arz Kiya Hai - Coke Studio Bharat.flac
2025-12-25T22:22:14 update: removing Downloads/Made in Indie/13. The Local Train - Choo Lo.flac
2025-12-25T22:22:14 update: removing Downloads/MAATS - Frieren - Piano Felt Version (Felt)/4. MAATS - One Last Adventure (From "Frieren") - Piano (Felt).flac
2025-12-25T22:22:14 update: removing Downloads/MAATS - Frieren - Piano Felt Version (Felt)/3. MAATS - Journey of a Lifetime (Main Theme From "Frieren") - Piano (Felt).flac
2025-12-25T22:22:14 update: removing Downloads/MAATS - Frieren - Piano Felt Version (Felt)/2. MAATS - Time Flows Ever Onward (From "Frieren") - Piano (Felt).flac
2025-12-25T22:22:14 update: removing Downloads/MAATS - Frieren - Piano Felt Version (Felt)/1. MAATS - Zoltraak (From "Frieren") - Piano (Felt).flac
2025-12-25T22:22:14 update: removing Downloads/Best of 2025: India/38. Guru Randhawa - Qatal.flac
2025-12-25T22:22:14 update: removing Downloads/Best of 2025: India/08. Guru Randhawa - Sirra.flac
2025-12-25T22:22:14 update: removing Downloads/Best of 2025: India/44. Diljit Dosanjh - Water.flac
2025-12-25T22:22:14 update: removing Downloads/Best of 2025: India/25. Pritam - Aavan Jaavan.flac
2025-12-25T22:22:14 update: removing Downloads/Best of 2025: India/40. Anirudh Ravichander - Pathikichu.flac
2025-12-25T22:22:14 update: removing Downloads/Best of 2025: India/31. Arijit Singh - Tu Hain Toh Main Hoon (From "Sky Force").flac
2025-12-25T22:22:14 update: removing Downloads/Best of 2025: India/56. DIVINE - Triple OG [Explicit].flac
2025-12-25T22:22:14 update: removing Downloads/Best of 2025: India/21. Chinmayi Sripada - Muththa Mazhai (Reprise).flac
2025-12-25T22:22:14 update: removing Downloads/Best of 2025: India/24. Vaishali Samant - Jinguchaa.flac
2025-12-25T22:22:14 update: removing Downloads/Best of 2025: India/20. AP Dhillon - Thodi Si Daaru.flac
2025-12-25T22:22:14 update: removing Downloads/Best of 2025: India/06. Thaman S - Firestorm.flac
2025-12-25T22:22:14 update: removing Downloads/Best of 2025: India/09. Taylor Swift - The Fate of Ophelia.flac
2025-12-25T22:22:14 update: removing Downloads/Best of 2025: India/16. Shashwat Sachdev - Ghafoor [Explicit].flac
2025-12-25T22:22:14 update: removing Downloads/Best of 2025: India/39. Santhosh Narayanan - Pottala Muttaye.flac
2025-12-25T22:22:14 update: removing Downloads/Best of 2025: India/62. A. R. Rahman - Aawaara Angaara.flac
2025-12-25T22:22:14 update: removing Downloads/Best of 2025: India/13. A. R. Rahman - Tere Ishk Mein.flac
2025-12-25T22:22:14 update: removing Downloads/Best of 2025: India/58. Shubh - Supreme [Explicit].flac
2025-12-25T22:22:14 update: removing Downloads/Best of 2025: India/59. Karan Aujla - Tell Me.flac
2025-12-25T22:22:14 update: removing Downloads/Best of 2025: India/48. Pritam - Zohra Jabeen.flac
2025-12-25T22:22:14 update: removing Downloads/Best of 2025: India/15. Sanju Rathod - Shaky.flac
2025-12-25T22:22:14 update: removing Downloads/Best of 2025: India/47. Ramana Gogula - Godari Gattu Meedha.flac
2025-12-25T22:22:14 update: removing Downloads/Best of 2025: India/61. Darshan Raval - Sajna.flac
2025-12-25T22:22:14 update: removing Downloads/Best of 2025: India/29. Mithoon - Dhun.flac
2025-12-25T22:22:14 update: removing Downloads/Best of 2025: India/54. The Rish - Barbaad.flac
2025-12-25T22:22:14 update: removing Downloads/Best of 2025: India/02. Tanishk Bagchi - Saiyaara.flac
2025-12-25T22:22:14 update: removing Downloads/Best of 2025: India/27. Hanumankind - Run It Up [Clean].flac
2025-12-25T22:22:14 update: removing Downloads/Best of 2025: India/36. G.V.Prakash Kumar - Adhi Dha Surprisu.flac
2025-12-25T22:22:14 update: removing Downloads/Best of 2025: India/14. Santhosh Narayanan - Kanimaa.flac
2025-12-25T22:22:14 update: removing Downloads/Best of 2025: India/50. Shankarr Babu Kandukoori - Peelings (Telugu).flac
2025-12-25T22:22:14 update: removing Downloads/Best of 2025: India/57. Sid Sriram - Prema Velluva (From "Hit - 3").flac
2025-12-25T22:22:14 update: removing Downloads/Best of 2025: India/01. Ed Sheeran - Sapphire (feat. Arijit Singh) [Remix].flac
2025-12-25T22:22:14 update: removing Downloads/Best of 2025: India/22. Sachin-Jigar - Pardesiya (From "Param Sundari").flac
2025-12-25T22:22:14 update: removing Downloads/Best of 2025: India/52. Karan Aujla - MF Gabhru! [Explicit].flac
2025-12-25T22:22:14 update: removing Downloads/Best of 2025: India/05. Karan Aujla - For A Reason.flac
2025-12-25T22:22:14 update: removing Downloads/Best of 2025: India/60. Sachin-Jigar - Nadaaniyan (Title Song).flac
2025-12-25T22:22:14 update: removing Downloads/Best of 2025: India/35. Sachin-Jigar - Tere Ishq Mein - From "Nadaaniyan".flac
2025-12-25T22:22:14 update: removing Downloads/Best of 2025: India/23. Anurag Saikia - Ishq Hai.flac
2025-12-25T22:22:14 update: removing Downloads/Best of 2025: India/46. Pritam - Dil Ka Kya.flac
2025-12-25T22:22:14 update: removing Downloads/Best of 2025: India/28. Pritam - Zamaana Lage.flac
2025-12-25T22:22:14 update: removing Downloads/Best of 2025: India/49. Yo Yo Honey Singh - Maniac - Bonus Track [From "Glory"].flac
2025-12-25T22:22:14 update: removing Downloads/Best of 2025: India/41. JENNIE - like JENNIE [Explicit].flac
2025-12-25T22:22:14 update: removing Downloads/Best of 2025: India/04. HUNTR-X - Golden.flac
2025-12-25T22:22:14 update: removing Downloads/Best of 2025: India/30. Saja Boys - Soda Pop.flac
2025-12-25T22:22:14 update: removing Downloads/Best of 2025: India/55. Anirudh Ravichander - Ragile Ragile.flac
2025-12-25T22:22:14 update: removing Downloads/Best of 2025: India/26. Anirudh Ravichander - Hridayam Lopala.flac
2025-12-25T22:22:14 update: removing Downloads/Best of 2025: India/32. BLACKPINK - JUMP [Explicit].flac
2025-12-25T22:22:14 update: removing Downloads/Best of 2025: India/18. Yo Yo Honey Singh - Laal Pari.flac
2025-12-25T22:22:14 update: removing Downloads/Best of 2025: India/12. Kushagra - Finding Her.flac
2025-12-25T22:22:14 update: removing Downloads/Best of 2025: India/45. Faheem Abdullah - Ehsaas.flac
2025-12-25T22:22:14 update: removing Downloads/Best of 2025: India/11. Sid Sriram - Vazhithunaiye.flac
2025-12-25T22:22:14 update: removing Downloads/Best of 2025: India/10. Shashwat Sachdev - Dhurandhar - Title Track (From "Dhurandhar").flac
2025-12-25T22:22:14 update: removing Downloads/Best of 2025: India/42. Thaman S - Dabidi Dibidi.flac
2025-12-25T22:22:14 update: removing Downloads/Best of 2025: India/33. Anirudh Ravichander - Powerhouse.flac
2025-12-25T22:22:14 update: removing Downloads/Best of 2025: India/03. Anirudh Ravichander - Monica.flac
2025-12-25T22:22:14 update: removing Downloads/Best of 2025: India/43. A. R. Rahman - Jaane Tu (From "Chhaava").flac
2025-12-25T22:22:14 update: removing Downloads/Best of 2025: India/07. Amit Trivedi - Uyi Amma.flac
2025-12-25T22:22:14 update: removing Downloads/Best of 2025: India/51. Arijit Singh - Ajeeb-O-Gareeb.flac
2025-12-25T22:22:14 update: removing Downloads/Best of 2025: India/34. Karan Aujla - At Peace.flac
2025-12-25T22:22:14 update: removing Downloads/Best of 2025: India/19. Anuv Jain - Arz Kiya Hai - Coke Studio Bharat.flac
2025-12-25T22:22:14 update: removing Downloads/Best of 2025: India/17. Anuv Jain - Afsos.flac
2025-12-25T22:22:14 update: removing Downloads/Best of 2025: India/37. Karan Aujla - Aaye Haaye (Feat. Nora Fatehi).flac
2025-12-25T22:22:14 update: removing Downloads/Best of 2025: India/53. Sunidhi Chauhan - AANKH.flac
2025-12-25T22:22:23 update: added Atif Aslam - Best of Romance: Atif Aslam & Pritam/1. Atif Aslam - Tera Hone Laga Hoon (From "Ajab Prem Ki Ghazab Kahani").flac
2025-12-25T22:22:23 update: added Atif Aslam - Best of Romance: Atif Aslam & Pritam/2. Atif Aslam - Tu Jaane Na (From "Ajab Prem Ki Ghazab Kahani").flac
2025-12-25T22:22:23 update: added Atif Aslam - Best of Romance: Atif Aslam & Pritam/3. Atif Aslam - Pehli Nazar Mein (From "Race").flac
2025-12-25T22:22:23 update: added Atif Aslam - Best of Romance: Atif Aslam & Pritam/4. Atif Aslam - Main Rang Sharbaton Ka (From "Phata Poster Nikhla Hero").flac
2025-12-25T22:22:23 update: added Atif Aslam - Best of Romance: Atif Aslam & Pritam/5. Atif Aslam - Be Intehaan (From "Race 2").flac
2025-12-25T22:22:23 update: added Atif Aslam - Best of Romance: Atif Aslam & Pritam/6. Atif Aslam - Tere Liye (From "Prince").flac
2025-12-25T22:22:23 update: added Atif Aslam - Best of Romance: Atif Aslam & Pritam/7. Atif Aslam - Bakhuda Tumhi Ho (From "Kismat Konnection").flac
2025-12-25T22:22:23 update: added Atif Aslam - Best of Romance: Atif Aslam & Pritam/8. Atif Aslam - Tere Bin (From "Bas Ek Pal").flac
2025-12-25T22:22:23 update: added Shaan - Tanha Dil.../1. Shaan - Tanha Dil.flac
2025-12-25T22:22:23 update: added Shaan - Tanha Dil.../2. Shaan - Gum Sum Ho Kyon?.flac
2025-12-25T22:22:23 update: added Shaan - Tanha Dil.../3. Shaan - Tujh Sa Na Koi.flac
2025-12-25T22:22:23 update: added Shaan - Tanha Dil.../4. Shaan - Is Pyar Mein.flac
2025-12-25T22:22:23 update: added Shaan - Tanha Dil.../5. Shaan - Bhool Ja.flac
2025-12-25T22:22:23 update: added Shaan - Tanha Dil.../6. Shaan - Faasle.flac
2025-12-25T22:22:23 update: added Shaan - Tanha Dil.../7. Shaan - (Baby) Tu Hai Kahan?.flac
2025-12-25T22:22:23 update: added Shaan - Tanha Dil.../8. Shaan - Shaan Se.flac
2025-12-25T22:22:23 update: added Shaan - Best of Me Shaan/01. Various Interprets - Aye Manya (From "Shootout At Wadala").flac
2025-12-25T22:22:23 update: added Shaan - Best of Me Shaan/02. Various Interprets - Where's the Party Tonight (From "Kabhi Alvida Naa Kehna").flac
2025-12-25T22:22:23 update: added Shaan - Best of Me Shaan/03. Various Interprets - It's the Time to Disco (From "Kal Ho Naa Ho").flac
2025-12-25T22:22:23 update: added Shaan - Best of Me Shaan/04. Various Interprets - Jab Se Tere Naina (From "Saawariya").flac
2025-12-25T22:22:23 update: added Shaan - Best of Me Shaan/05. Various Interprets - O Re Kanchi (From "Asoka").flac
2025-12-25T22:22:23 update: added Shaan - Best of Me Shaan/06. Various Interprets - Aaja Lehraate (From "What's Your Rashee?").flac
2025-12-25T22:22:23 update: added Shaan - Best of Me Shaan/07. Various Interprets - Kuch Kam (From "Dostana").flac
2025-12-25T22:22:23 update: added Shaan - Best of Me Shaan/08. Various Interprets - Musu Musu (From "Pyaar Mein Kabhi Kabhi").flac
2025-12-25T22:22:23 update: added Shaan - Best of Me Shaan/09. Jatin Lalit - Tune Mujhe Pehchana Nahin (From "Raju Chacha").flac
2025-12-25T22:22:23 update: added Shaan - Best of Me Shaan/10. Various Interprets - Woh Pehli Baar (From "Pyaar Mein Kabhi Kabhi").flac
2025-12-25T22:22:23 update: added Shaan - Best of Me Shaan/11. Various Interprets - Rock N Roll Soniye (From "Kabhi Alvida Naa Kehna").flac
2025-12-25T22:22:23 update: added Shaan - Best of Me Shaan/12. Various Interprets - Main Aisa Kyon Hoon (From "Lakshya").flac
2025-12-25T22:22:23 update: added aur - Humsafar/1. aur - Kabhi Kabhi.flac
2025-12-25T22:22:23 update: added aur - Humsafar/2. aur - Humsafar.flac
2025-12-25T22:22:23 update: added aur - Par Ab Jo Aayegi Tu/1. aur - Phool.flac
2025-12-25T22:22:23 update: added aur - Par Ab Jo Aayegi Tu/2. aur - Par Ab Jo Aayegi Tu.flac
2025-12-25T22:22:23 update: added aur - Par Ab Jo Aayegi Tu/3. aur - Dill.flac
2025-12-25T22:22:23 update: added aur - Par Ab Jo Aayegi Tu/4. aur - Mindset.flac
2025-12-25T22:22:23 update: added aur - You paint me again “PURPLE”/1. aur - Intro.flac
2025-12-25T22:22:23 update: added aur - You paint me again “PURPLE”/2. aur - You.flac
2025-12-25T22:22:23 update: added aur - You paint me again “PURPLE”/3. aur - Paint.flac
2025-12-25T22:22:23 update: added aur - You paint me again “PURPLE”/4. aur - Me.flac
2025-12-25T22:22:23 update: added aur - You paint me again “PURPLE”/5. aur - Again.flac
2025-12-25T22:22:23 update: added aur - You paint me again “PURPLE”/6. aur - Purple.flac
2025-12-25T22:26:57 player: played "aur - Humsafar/1. aur - Kabhi Kabhi.flac"
2025-12-25T22:30:14 player: played "aur - Humsafar/2. aur - Humsafar.flac"
2025-12-25T22:33:31 player: played "aur - Humsafar/2. aur - Humsafar.flac"
2025-12-25T22:41:21 player: played "aur - Humsafar/2. aur - Humsafar.flac"
2025-12-25T22:45:05 player: played "aur - Par Ab Jo Aayegi Tu/1. aur - Phool.flac"
2025-12-25T22:48:10 player: played "aur - Par Ab Jo Aayegi Tu/2. aur - Par Ab Jo Aayegi Tu.flac"
2025-12-25T22:50:52 player: played "aur - Par Ab Jo Aayegi Tu/3. aur - Dill.flac"
2025-12-25T22:54:43 player: played "aur - Par Ab Jo Aayegi Tu/4. aur - Mindset.flac"
2025-12-25T22:55:55 player: played "aur - You paint me again “PURPLE”/1. aur - Intro.flac"
2025-12-25T23:12:40 player: played "aur - You paint me again “PURPLE”/2. aur - You.flac"
2025-12-25T23:15:30 player: played "aur - You paint me again “PURPLE”/3. aur - Paint.flac"
2025-12-25T23:18:32 player: played "aur - You paint me again “PURPLE”/4. aur - Me.flac"
2025-12-25T23:21:55 player: played "aur - You paint me again “PURPLE”/5. aur - Again.flac"
2025-12-25T23:28:41 player: played "aur - You paint me again “PURPLE”/6. aur - Purple.flac"
2025-12-25T23:30:26 player: played "aur - Par Ab Jo Aayegi Tu/1. aur - Phool.flac"
2025-12-25T23:31:02 update: added Rahat Fateh Ali Khan - Back 2 Love/01. Rahat Fateh Ali Khan - Rab Jaane.flac
2025-12-25T23:31:02 update: added Rahat Fateh Ali Khan - Back 2 Love/02. Rahat Fateh Ali Khan - Habibi.flac
2025-12-25T23:31:02 update: added Rahat Fateh Ali Khan - Back 2 Love/03. Rahat Fateh Ali Khan - Rim Jhim.flac
2025-12-25T23:31:02 update: added Rahat Fateh Ali Khan - Back 2 Love/04. Rahat Fateh Ali Khan - Zaroori Tha.flac
2025-12-25T23:31:02 update: added Rahat Fateh Ali Khan - Back 2 Love/05. Rahat Fateh Ali Khan - Nach Dumadum (Album Version).flac
2025-12-25T23:31:02 update: added Rahat Fateh Ali Khan - Back 2 Love/06. Rahat Fateh Ali Khan - Sab Jhoote (Album Version).flac
2025-12-25T23:31:02 update: added Rahat Fateh Ali Khan - Back 2 Love/07. Rahat Fateh Ali Khan - Dil Ke Taar (Album Version).flac
2025-12-25T23:31:02 update: added Rahat Fateh Ali Khan - Back 2 Love/08. Rahat Fateh Ali Khan - Sharab-e-Husn (Album Version).flac
2025-12-25T23:31:02 update: added Rahat Fateh Ali Khan - Back 2 Love/09. Rahat Fateh Ali Khan - Aag Lagi (Album Version).flac
2025-12-25T23:31:02 update: added Rahat Fateh Ali Khan - Back 2 Love/10. Rahat Fateh Ali Khan - Fusion in Raag Champa Kali (Album Version).flac
2025-12-25T23:35:18 player: played "Rahat Fateh Ali Khan - Back 2 Love/01. Rahat Fateh Ali Khan - Rab Jaane.flac"
2025-12-26T11:51:02 player: played "Rahat Fateh Ali Khan - Back 2 Love/01. Rahat Fateh Ali Khan - Rab Jaane.flac"
2025-12-26T11:55:54 player: played "Rahat Fateh Ali Khan - Back 2 Love/02. Rahat Fateh Ali Khan - Habibi.flac"
2025-12-26T12:27:59 player: played "Rahat Fateh Ali Khan - Back 2 Love/03. Rahat Fateh Ali Khan - Rim Jhim.flac"
2025-12-26T13:26:55 player: played "Rahat Fateh Ali Khan - Back 2 Love/04. Rahat Fateh Ali Khan - Zaroori Tha.flac"
2025-12-26T14:47:58 player: played "Rahat Fateh Ali Khan - Back 2 Love/04. Rahat Fateh Ali Khan - Zaroori Tha.flac"
2025-12-26T14:53:44 player: played "Rahat Fateh Ali Khan - Back 2 Love/05. Rahat Fateh Ali Khan - Nach Dumadum (Album Version).flac"
2025-12-26T14:57:44 player: played "Rahat Fateh Ali Khan - Back 2 Love/06. Rahat Fateh Ali Khan - Sab Jhoote (Album Version).flac"
2025-12-26T15:03:18 player: played "Rahat Fateh Ali Khan - Back 2 Love/07. Rahat Fateh Ali Khan - Dil Ke Taar (Album Version).flac"
2025-12-26T15:47:10 player: played "Rahat Fateh Ali Khan - Back 2 Love/08. Rahat Fateh Ali Khan - Sharab-e-Husn (Album Version).flac"
2025-12-26T15:47:23 player: played "Rahat Fateh Ali Khan - Back 2 Love/09. Rahat Fateh Ali Khan - Aag Lagi (Album Version).flac"
2025-12-26T15:55:14 player: played "Shaan - Best of Me Shaan/04. Various Interprets - Jab Se Tere Naina (From \"Saawariya\").flac"
2025-12-26T15:55:20 player: played "Shaan - Best of Me Shaan/05. Various Interprets - O Re Kanchi (From \"Asoka\").flac"
2025-12-26T15:59:19 update: added Asim Azhar - Jo Tu Na Mila.zip/1. Asim Azhar - Jo Tu Na Mila.flac
2025-12-26T16:00:04 player: played "Shaan - Tanha Dil.../1. Shaan - Tanha Dil.flac"
2025-12-26T16:00:31 update: added Asim Azhar - Jo Tu Na Mila/1. Asim Azhar - Jo Tu Na Mila.flac
2025-12-26T16:00:58 update: removing Asim Azhar - Jo Tu Na Mila.zip/1. Asim Azhar - Jo Tu Na Mila.flac
2025-12-26T16:05:04 player: played "Asim Azhar - Jo Tu Na Mila/1. Asim Azhar - Jo Tu Na Mila.flac"
2025-12-26T16:08:58 player: played "Asim Azhar - Jo Tu Na Mila/1. Asim Azhar - Jo Tu Na Mila.flac"
2025-12-26T16:12:52 player: played "Asim Azhar - Jo Tu Na Mila/1. Asim Azhar - Jo Tu Na Mila.flac"
2025-12-26T16:16:46 player: played "Asim Azhar - Jo Tu Na Mila/1. Asim Azhar - Jo Tu Na Mila.flac"
2025-12-26T16:17:52 player: played "Asim Azhar - Jo Tu Na Mila/1. Asim Azhar - Jo Tu Na Mila.flac"
2025-12-26T19:17:13 player: played "Asim Azhar - Jo Tu Na Mila/1. Asim Azhar - Jo Tu Na Mila.flac"
2025-12-26T19:21:07 player: played "Asim Azhar - Jo Tu Na Mila/1. Asim Azhar - Jo Tu Na Mila.flac"
2025-12-26T19:21:38 player: played "Asim Azhar - Jo Tu Na Mila/1. Asim Azhar - Jo Tu Na Mila.flac"
2025-12-26T19:25:15 player: played "aur - Humsafar/1. aur - Kabhi Kabhi.flac"
2025-12-26T19:32:17 player: played "aur - Humsafar/2. aur - Humsafar.flac"
2025-12-26T19:36:02 player: played "aur - Par Ab Jo Aayegi Tu/1. aur - Phool.flac"
2025-12-26T19:59:02 player: played "aur - Par Ab Jo Aayegi Tu/2. aur - Par Ab Jo Aayegi Tu.flac"
2025-12-26T20:15:40 player: played "aur - Par Ab Jo Aayegi Tu/3. aur - Dill.flac"
2025-12-26T21:11:17 player: played "aur - Par Ab Jo Aayegi Tu/3. aur - Dill.flac"
2025-12-26T23:29:43 player: played "aur - Par Ab Jo Aayegi Tu/4. aur - Mindset.flac"
2025-12-26T23:30:55 player: played "aur - You paint me again “PURPLE”/1. aur - Intro.flac"
2025-12-26T23:34:57 player: played "aur - You paint me again “PURPLE”/2. aur - You.flac"
2025-12-26T23:54:24 player: played "aur - You paint me again “PURPLE”/3. aur - Paint.flac"
2025-12-27T14:13:52 player: played "aur - You paint me again “PURPLE”/3. aur - Paint.flac"
2025-12-27T14:16:55 player: played "aur - You paint me again “PURPLE”/4. aur - Me.flac"
2025-12-27T14:20:17 player: played "aur - You paint me again “PURPLE”/5. aur - Again.flac"
2025-12-27T14:24:59 player: played "aur - You paint me again “PURPLE”/6. aur - Purple.flac"
2025-12-27T14:26:04 update: added /Manoj Muntashir - Tu Junooniyat (Climax Song).flac
2025-12-27T14:26:04 update: added /Rahat Fateh Ali Khan - Lag Ja Gale (From "Bhoomi").flac
2025-12-27T14:32:22 player: played "Manoj Muntashir - Tu Junooniyat (Climax Song).flac"
2025-12-27T14:36:07 player: played "Rahat Fateh Ali Khan - Lag Ja Gale (From \"Bhoomi\").flac"
2025-12-27T14:41:18 player: played "Manoj Muntashir - Tu Junooniyat (Climax Song).flac"
2025-12-27T14:51:10 player: played "Rahat Fateh Ali Khan - Lag Ja Gale (From \"Bhoomi\").flac"
2025-12-27T14:56:09 player: played "Manoj Muntashir - Tu Junooniyat (Climax Song).flac"
2025-12-27T14:59:55 player: played "Rahat Fateh Ali Khan - Lag Ja Gale (From \"Bhoomi\").flac"
2025-12-27T15:04:54 player: played "Manoj Muntashir - Tu Junooniyat (Climax Song).flac"
2025-12-27T15:12:01 player: played "Rahat Fateh Ali Khan - Lag Ja Gale (From \"Bhoomi\").flac"
2025-12-27T15:17:00 player: played "Manoj Muntashir - Tu Junooniyat (Climax Song).flac"
2025-12-27T15:20:46 player: played "Rahat Fateh Ali Khan - Lag Ja Gale (From \"Bhoomi\").flac"
2025-12-27T15:25:45 player: played "Manoj Muntashir - Tu Junooniyat (Climax Song).flac"
2025-12-27T15:29:31 player: played "Rahat Fateh Ali Khan - Lag Ja Gale (From \"Bhoomi\").flac"
2025-12-27T15:34:30 player: played "Manoj Muntashir - Tu Junooniyat (Climax Song).flac"
2025-12-27T15:38:16 player: played "Rahat Fateh Ali Khan - Lag Ja Gale (From \"Bhoomi\").flac"
2025-12-27T16:28:36 update: added Geek Music - Fukashigi No Carte (From "Rascal Does Not Dream Of Bunny Girl Senpai").zip/1. Geek Music - Fukashigi No Carte (From "Rascal Does Not Dream Of Bunny Girl Senpai").flac
2025-12-27T16:29:24 player: played "Manoj Muntashir - Tu Junooniyat (Climax Song).flac"
2025-12-27T16:31:00 update: added Geek Music - Fukashigi No Carte (From "Rascal Does Not Dream Of Bunny Girl Senpai")/1. Geek Music - Fukashigi No Carte (From "Rascal Does Not Dream Of Bunny Girl Senpai").flac
2025-12-27T16:32:34 update: removing Geek Music - Fukashigi No Carte (From "Rascal Does Not Dream Of Bunny Girl Senpai").zip/1. Geek Music - Fukashigi No Carte (From "Rascal Does Not Dream Of Bunny Girl Senpai").flac
2025-12-27T21:09:50 update: added ky.atto - Fukashigi No Carte (Bunny Girl Senpai).zip/1. ky.atto - Fukashigi No Carte (Bunny Girl Senpai).flac
2025-12-27T21:09:53 player: played "Geek Music - Fukashigi No Carte (From \"Rascal Does Not Dream Of Bunny Girl Senpai\")/1. Geek Music - Fukashigi No Carte (From \"Rascal Does Not Dream Of Bunny Girl Senpai\").flac"
2025-12-27T21:10:11 update: added ky.atto - Fukashigi No Carte (Bunny Girl Senpai)/1. ky.atto - Fukashigi No Carte (Bunny Girl Senpai).flac
2025-12-27T21:10:47 update: removing ky.atto - Fukashigi No Carte (Bunny Girl Senpai).zip/1. ky.atto - Fukashigi No Carte (Bunny Girl Senpai).flac
2025-12-27T21:10:56 player: played "Geek Music - Fukashigi No Carte (From \"Rascal Does Not Dream Of Bunny Girl Senpai\")/1. Geek Music - Fukashigi No Carte (From \"Rascal Does Not Dream Of Bunny Girl Senpai\").flac"
2025-12-27T22:38:13 player: played "ky.atto - Fukashigi No Carte (Bunny Girl Senpai)/1. ky.atto - Fukashigi No Carte (Bunny Girl Senpai).flac"
2025-12-27T23:42:19 player: played "ky.atto - Fukashigi No Carte (Bunny Girl Senpai)/1. ky.atto - Fukashigi No Carte (Bunny Girl Senpai).flac"
2025-12-28T12:27:03 update: removing Geek Music - Fukashigi No Carte (From "Rascal Does Not Dream Of Bunny Girl Senpai")/1. Geek Music - Fukashigi No Carte (From "Rascal Does Not Dream Of Bunny Girl Senpai").flac
2025-12-28T12:27:13 update: removing ky.atto - Fukashigi No Carte (Bunny Girl Senpai)/1. ky.atto - Fukashigi No Carte (Bunny Girl Senpai).flac
2025-12-28T12:30:40 update: added VARIOUS ARTISTS - Seishunbutayarouhabunnygirlsenpainoyumewominai Fukashigi no KARTE.zip/1. Mai Sakurajima(CV:Asami Seto) - Fukashigi no KARTE.flac
2025-12-28T12:30:40 update: added VARIOUS ARTISTS - Seishunbutayarouhabunnygirlsenpainoyumewominai Fukashigi no KARTE.zip/2. Sweet Bullet - BABY!.flac
2025-12-28T12:30:40 update: added VARIOUS ARTISTS - Seishunbutayarouhabunnygirlsenpainoyumewominai Fukashigi no KARTE.zip/3. Mai Sakurajima(CV:Asami Seto) - Fukashigi no KARTE -Instrumental-.flac
2025-12-28T12:30:40 update: added VARIOUS ARTISTS - Seishunbutayarouhabunnygirlsenpainoyumewominai Fukashigi no KARTE.zip/4. Sweet Bullet - BABY! -Instrumental-.flac
2025-12-28T12:34:31 update: added VARIOUS ARTISTS - Seishunbutayarouhabunnygirlsenpainoyumewominai Fukashigi no KARTE/1. Mai Sakurajima(CV:Asami Seto) - Fukashigi no KARTE.flac
2025-12-28T12:34:31 update: added VARIOUS ARTISTS - Seishunbutayarouhabunnygirlsenpainoyumewominai Fukashigi no KARTE/2. Sweet Bullet - BABY!.flac
2025-12-28T12:34:31 update: added VARIOUS ARTISTS - Seishunbutayarouhabunnygirlsenpainoyumewominai Fukashigi no KARTE/3. Mai Sakurajima(CV:Asami Seto) - Fukashigi no KARTE -Instrumental-.flac
2025-12-28T12:34:31 update: added VARIOUS ARTISTS - Seishunbutayarouhabunnygirlsenpainoyumewominai Fukashigi no KARTE/4. Sweet Bullet - BABY! -Instrumental-.flac
2025-12-28T12:34:53 update: added Fukashigi no KARTE/1. Mai Sakurajima(CV:Asami Seto) - Fukashigi no KARTE.flac
2025-12-28T12:34:53 update: added Fukashigi no KARTE/2. Sweet Bullet - BABY!.flac
2025-12-28T12:34:53 update: added Fukashigi no KARTE/3. Mai Sakurajima(CV:Asami Seto) - Fukashigi no KARTE -Instrumental-.flac
2025-12-28T12:34:53 update: added Fukashigi no KARTE/4. Sweet Bullet - BABY! -Instrumental-.flac
2025-12-28T12:34:53 update: removing VARIOUS ARTISTS - Seishunbutayarouhabunnygirlsenpainoyumewominai Fukashigi no KARTE.zip/4. Sweet Bullet - BABY! -Instrumental-.flac
2025-12-28T12:34:53 update: removing VARIOUS ARTISTS - Seishunbutayarouhabunnygirlsenpainoyumewominai Fukashigi no KARTE.zip/3. Mai Sakurajima(CV:Asami Seto) - Fukashigi no KARTE -Instrumental-.flac
2025-12-28T12:34:53 update: removing VARIOUS ARTISTS - Seishunbutayarouhabunnygirlsenpainoyumewominai Fukashigi no KARTE.zip/2. Sweet Bullet - BABY!.flac
2025-12-28T12:34:53 update: removing VARIOUS ARTISTS - Seishunbutayarouhabunnygirlsenpainoyumewominai Fukashigi no KARTE.zip/1. Mai Sakurajima(CV:Asami Seto) - Fukashigi no KARTE.flac
2025-12-28T12:34:53 update: removing VARIOUS ARTISTS - Seishunbutayarouhabunnygirlsenpainoyumewominai Fukashigi no KARTE/4. Sweet Bullet - BABY! -Instrumental-.flac
2025-12-28T12:34:53 update: removing VARIOUS ARTISTS - Seishunbutayarouhabunnygirlsenpainoyumewominai Fukashigi no KARTE/3. Mai Sakurajima(CV:Asami Seto) - Fukashigi no KARTE -Instrumental-.flac
2025-12-28T12:34:53 update: removing VARIOUS ARTISTS - Seishunbutayarouhabunnygirlsenpainoyumewominai Fukashigi no KARTE/2. Sweet Bullet - BABY!.flac
2025-12-28T12:34:53 update: removing VARIOUS ARTISTS - Seishunbutayarouhabunnygirlsenpainoyumewominai Fukashigi no KARTE/1. Mai Sakurajima(CV:Asami Seto) - Fukashigi no KARTE.flac
2025-12-28T12:35:37 exception: No such song
2025-12-28T12:35:37 exception: No such song
2025-12-28T12:35:40 player: played "ky.atto - Fukashigi No Carte (Bunny Girl Senpai)/1. ky.atto - Fukashigi No Carte (Bunny Girl Senpai).flac"
2025-12-28T12:46:45 player: played "Fukashigi no KARTE/1. Mai Sakurajima(CV:Asami Seto) - Fukashigi no KARTE.flac"
2025-12-28T12:50:37 player: played "Fukashigi no KARTE/2. Sweet Bullet - BABY!.flac"
2025-12-28T17:42:59 player: played "Fukashigi no KARTE/1. Mai Sakurajima(CV:Asami Seto) - Fukashigi no KARTE.flac"
2025-12-28T17:46:51 player: played "Fukashigi no KARTE/2. Sweet Bullet - BABY!.flac"
2025-12-28T17:50:50 player: played "Fukashigi no KARTE/3. Mai Sakurajima(CV:Asami Seto) - Fukashigi no KARTE -Instrumental-.flac"
2025-12-28T17:54:37 player: played "Fukashigi no KARTE/4. Sweet Bullet - BABY! -Instrumental-.flac"
2025-12-28T17:58:36 player: played "Fukashigi no KARTE/1. Mai Sakurajima(CV:Asami Seto) - Fukashigi no KARTE.flac"
2025-12-28T18:02:37 player: played "Fukashigi no KARTE/2. Sweet Bullet - BABY!.flac"
2025-12-28T18:06:36 player: played "Fukashigi no KARTE/3. Mai Sakurajima(CV:Asami Seto) - Fukashigi no KARTE -Instrumental-.flac"
2025-12-28T19:15:57 player: played "Fukashigi no KARTE/4. Sweet Bullet - BABY! -Instrumental-.flac"
2025-12-28T19:19:56 player: played "Fukashigi no KARTE/1. Mai Sakurajima(CV:Asami Seto) - Fukashigi no KARTE.flac"
2025-12-28T19:23:48 player: played "Fukashigi no KARTE/2. Sweet Bullet - BABY!.flac"
2025-12-28T19:27:47 player: played "Fukashigi no KARTE/3. Mai Sakurajima(CV:Asami Seto) - Fukashigi no KARTE -Instrumental-.flac"
2025-12-28T19:51:55 player: played "Fukashigi no KARTE/4. Sweet Bullet - BABY! -Instrumental-.flac"
2025-12-28T19:55:54 player: played "Fukashigi no KARTE/1. Mai Sakurajima(CV:Asami Seto) - Fukashigi no KARTE.flac"
2025-12-28T19:59:49 player: played "Fukashigi no KARTE/2. Sweet Bullet - BABY!.flac"
2025-12-28T20:15:37 player: played "Fukashigi no KARTE/3. Mai Sakurajima(CV:Asami Seto) - Fukashigi no KARTE -Instrumental-.flac"
2025-12-28T21:00:23 player: played "Fukashigi no KARTE/3. Mai Sakurajima(CV:Asami Seto) - Fukashigi no KARTE -Instrumental-.flac"
2025-12-28T21:44:22 player: played "Rahat Fateh Ali Khan - Lag Ja Gale (From \"Bhoomi\").flac"
2025-12-28T21:50:47 player: played "Rahat Fateh Ali Khan - Back 2 Love/01. Rahat Fateh Ali Khan - Rab Jaane.flac"
2025-12-28T23:43:29 player: played "Rahat Fateh Ali Khan - Back 2 Love/02. Rahat Fateh Ali Khan - Habibi.flac"
2025-12-29T08:02:33 player: played "Rahat Fateh Ali Khan - Back 2 Love/02. Rahat Fateh Ali Khan - Habibi.flac"
2025-12-29T08:07:04 player: played "Rahat Fateh Ali Khan - Back 2 Love/03. Rahat Fateh Ali Khan - Rim Jhim.flac"
2025-12-29T10:14:40 player: played "Rahat Fateh Ali Khan - Back 2 Love/04. Rahat Fateh Ali Khan - Zaroori Tha.flac"
2025-12-29T10:20:26 player: played "Rahat Fateh Ali Khan - Back 2 Love/05. Rahat Fateh Ali Khan - Nach Dumadum (Album Version).flac"
2025-12-29T10:24:26 player: played "Rahat Fateh Ali Khan - Back 2 Love/06. Rahat Fateh Ali Khan - Sab Jhoote (Album Version).flac"
2025-12-29T10:29:21 player: played "Rahat Fateh Ali Khan - Back 2 Love/07. Rahat Fateh Ali Khan - Dil Ke Taar (Album Version).flac"
2025-12-29T10:33:37 player: played "Rahat Fateh Ali Khan - Back 2 Love/08. Rahat Fateh Ali Khan - Sharab-e-Husn (Album Version).flac"
2025-12-29T10:37:22 player: played "Rahat Fateh Ali Khan - Back 2 Love/09. Rahat Fateh Ali Khan - Aag Lagi (Album Version).flac"
2025-12-29T10:41:52 player: played "Rahat Fateh Ali Khan - Back 2 Love/10. Rahat Fateh Ali Khan - Fusion in Raag Champa Kali (Album Version).flac"
2025-12-29T10:45:38 player: played "Rahat Fateh Ali Khan - Lag Ja Gale (From \"Bhoomi\").flac"
2025-12-29T12:23:08 player: played "Rahat Fateh Ali Khan - Back 2 Love/01. Rahat Fateh Ali Khan - Rab Jaane.flac"
2025-12-29T16:35:07 update: added Ahmed Jahanzeb - Tera Mera Hai Pyar Amar (From _Ishq Murshid_) (2025)/1. Ahmed Jahanzeb - Tera Mera Hai Pyar Amar (From "Ishq Murshid").flac
2025-12-29T16:40:38 player: played "Ahmed Jahanzeb - Tera Mera Hai Pyar Amar (From _Ishq Murshid_) (2025)/1. Ahmed Jahanzeb - Tera Mera Hai Pyar Amar (From \"Ishq Murshid\").flac"
2025-12-29T16:41:01 player: played "Ahmed Jahanzeb - Tera Mera Hai Pyar Amar (From _Ishq Murshid_) (2025)/1. Ahmed Jahanzeb - Tera Mera Hai Pyar Amar (From \"Ishq Murshid\").flac"
2025-12-29T17:03:49 player: played "Asim Azhar - Jo Tu Na Mila/1. Asim Azhar - Jo Tu Na Mila.flac"
2025-12-29T17:15:09 update: added Javed-Mohsin - Zihaal e Miskin (2023)/1. Javed-Mohsin - Zihaal e Miskin.flac
2025-12-29T17:22:51 player: played "Javed-Mohsin - Zihaal e Miskin (2023)/1. Javed-Mohsin - Zihaal e Miskin.flac"
2025-12-29T17:26:55 player: played "Javed-Mohsin - Zihaal e Miskin (2023)/1. Javed-Mohsin - Zihaal e Miskin.flac"
2025-12-29T19:04:58 player: played "Javed-Mohsin - Zihaal e Miskin (2023)/1. Javed-Mohsin - Zihaal e Miskin.flac"
2025-12-29T21:08:49 player: played "aur - Humsafar/1. aur - Kabhi Kabhi.flac"
2025-12-30T00:10:03 player: played "aur - Humsafar/2. aur - Humsafar.flac"
2025-12-30T07:38:57 update: added aur - Tu hai kahan (2023)/1. aur - Tu hai kahan.flac
2025-12-30T07:38:57 update: added aur - Shikayat (2023)/1. aur - Shikayat.flac
2025-12-30T07:38:57 update: added aur - Kabhi Mein Kabhi Tum (2024)/1. aur - Kabhi Mein Kabhi Tum.flac
2025-12-30T12:55:18 player: played "aur - Humsafar/2. aur - Humsafar.flac"
2025-12-30T19:24:55 player: played "aur - Humsafar/1. aur - Kabhi Kabhi.flac"
2025-12-30T19:28:40 player: played "aur - Humsafar/2. aur - Humsafar.flac"
2025-12-30T19:33:10 player: played "aur - Shikayat (2023)/1. aur - Shikayat.flac"
2025-12-30T19:37:33 player: played "aur - Tu hai kahan (2023)/1. aur - Tu hai kahan.flac"
2025-12-30T19:37:41 player: played "aur - Humsafar/1. aur - Kabhi Kabhi.flac"
2025-12-30T19:42:28 player: played "aur - Shikayat (2023)/1. aur - Shikayat.flac"
2025-12-30T19:48:32 player: played "aur - Kabhi Mein Kabhi Tum (2024)/1. aur - Kabhi Mein Kabhi Tum.flac"
2025-12-30T19:53:02 player: played "aur - Shikayat (2023)/1. aur - Shikayat.flac"
2025-12-30T19:54:52 player: played "aur - Kabhi Mein Kabhi Tum (2024)/1. aur - Kabhi Mein Kabhi Tum.flac"
2025-12-30T20:09:27 player: played "Atif Aslam - Best of Romance: Atif Aslam & Pritam/1. Atif Aslam - Tera Hone Laga Hoon (From \"Ajab Prem Ki Ghazab Kahani\").flac"
2025-12-30T21:49:44 player: played "Atif Aslam - Best of Romance: Atif Aslam & Pritam/2. Atif Aslam - Tu Jaane Na (From \"Ajab Prem Ki Ghazab Kahani\").flac"
2025-12-30T21:54:56 player: played "Atif Aslam - Best of Romance: Atif Aslam & Pritam/3. Atif Aslam - Pehli Nazar Mein (From \"Race\").flac"
2025-12-30T22:42:03 player: played "Atif Aslam - Best of Romance: Atif Aslam & Pritam/4. Atif Aslam - Main Rang Sharbaton Ka (From \"Phata Poster Nikhla Hero\").flac"
2025-12-30T22:46:54 player: played "Atif Aslam - Best of Romance: Atif Aslam & Pritam/5. Atif Aslam - Be Intehaan (From \"Race 2\").flac"
2025-12-30T22:51:33 player: played "Atif Aslam - Best of Romance: Atif Aslam & Pritam/6. Atif Aslam - Tere Liye (From \"Prince\").flac"
2025-12-30T22:56:26 player: played "Atif Aslam - Best of Romance: Atif Aslam & Pritam/7. Atif Aslam - Bakhuda Tumhi Ho (From \"Kismat Konnection\").flac"
2025-12-30T23:01:04 player: played "Atif Aslam - Best of Romance: Atif Aslam & Pritam/8. Atif Aslam - Tere Bin (From \"Bas Ek Pal\").flac"
2025-12-30T23:05:35 player: played "Atif Aslam - Best of Romance: Atif Aslam & Pritam/1. Atif Aslam - Tera Hone Laga Hoon (From \"Ajab Prem Ki Ghazab Kahani\").flac"
2025-12-30T23:09:47 player: played "Javed-Mohsin - Zihaal e Miskin (2023)/1. Javed-Mohsin - Zihaal e Miskin.flac"
2025-12-30T23:10:24 player: played "Javed-Mohsin - Zihaal e Miskin (2023)/1. Javed-Mohsin - Zihaal e Miskin.flac"
2025-12-30T23:14:52 player: played "Fukashigi no KARTE/1. Mai Sakurajima(CV:Asami Seto) - Fukashigi no KARTE.flac"
2025-12-30T23:23:06 player: played "Asim Azhar - Jo Tu Na Mila/1. Asim Azhar - Jo Tu Na Mila.flac"
2025-12-30T23:27:56 player: played "Ahmed Jahanzeb - Tera Mera Hai Pyar Amar (From _Ishq Murshid_) (2025)/1. Ahmed Jahanzeb - Tera Mera Hai Pyar Amar (From \"Ishq Murshid\").flac"
2025-12-30T23:32:55 player: played "Manoj Muntashir - Tu Junooniyat (Climax Song).flac"
2025-12-30T23:36:41 player: played "Rahat Fateh Ali Khan - Lag Ja Gale (From \"Bhoomi\").flac"
2025-12-30T23:41:17 player: played "Asim Azhar - Jo Tu Na Mila/1. Asim Azhar - Jo Tu Na Mila.flac"
2025-12-31T11:38:41 player: played "Asim Azhar - Jo Tu Na Mila/1. Asim Azhar - Jo Tu Na Mila.flac"
2025-12-31T11:43:26 player: played "aur - You paint me again “PURPLE”/1. aur - Intro.flac"
2025-12-31T11:47:28 player: played "aur - You paint me again “PURPLE”/2. aur - You.flac"
2025-12-31T11:50:18 player: played "aur - You paint me again “PURPLE”/3. aur - Paint.flac"
2025-12-31T11:53:22 player: played "aur - You paint me again “PURPLE”/4. aur - Me.flac"
2025-12-31T11:56:44 player: played "aur - You paint me again “PURPLE”/5. aur - Again.flac"
2025-12-31T12:01:26 player: played "aur - You paint me again “PURPLE”/6. aur - Purple.flac"
2025-12-31T12:01:34 player: played "aur - You paint me again “PURPLE”/1. aur - Intro.flac"
2025-12-31T12:05:37 player: played "Fukashigi no KARTE/1. Mai Sakurajima(CV:Asami Seto) - Fukashigi no KARTE.flac"
2025-12-31T12:09:29 player: played "Fukashigi no KARTE/2. Sweet Bullet - BABY!.flac"
2025-12-31T12:14:08 player: played "Fukashigi no KARTE/2. Sweet Bullet - BABY!.flac"
2025-12-31T12:19:09 update: added Atif Aslam - Hits Of Atif Aslam (2020)/01. Atif Aslam - O Saathi (From "Baaghi 2").flac
2025-12-31T12:19:10 update: added Atif Aslam - Hits Of Atif Aslam (2020)/02. Atif Aslam - Dekhte Dekhte (From "Batti Gul Meter Chalu").flac
2025-12-31T12:19:10 update: added Atif Aslam - Hits Of Atif Aslam (2020)/03. Palash Muchhal - Musafir From "Sweetiee Weds Nri".flac
2025-12-31T12:19:10 update: added Atif Aslam - Hits Of Atif Aslam (2020)/04. Atif Aslam - Tera Hua (Unplugged) [From "Loveyatri - A Journey Of Love"].flac
2025-12-31T12:19:10 update: added Atif Aslam - Hits Of Atif Aslam (2020)/05. Atif Aslam - Pehli Dafa (From "Pehli Dafa").flac
2025-12-31T12:19:10 update: added Atif Aslam - Hits Of Atif Aslam (2020)/06. Atif Aslam - Baarishein (From "Baarishein").flac
2025-12-31T12:19:10 update: added Atif Aslam - Hits Of Atif Aslam (2020)/07. Atif Aslam - Paniyon Sa (From "Satyameva Jayate").flac
2025-12-31T12:19:10 update: added Atif Aslam - Hits Of Atif Aslam (2020)/08. Atif Aslam - Hoor (From "Hindi Medium").flac
2025-12-31T12:19:10 update: added Atif Aslam - Hits Of Atif Aslam (2020)/09. Atif Aslam - Zindagi Aa Raha Hoon Main (From "Zindagi Aa Raha Hoon Main").flac
2025-12-31T12:19:10 update: added Atif Aslam - Hits Of Atif Aslam (2020)/10. Atif Aslam - Tu Chahiye (From "Bajrangi Bhaijaan").flac
2025-12-31T12:23:31 player: played "Atif Aslam - Hits Of Atif Aslam (2020)/01. Atif Aslam - O Saathi (From \"Baaghi 2\").flac"
2025-12-31T16:03:34 player: played "Atif Aslam - Hits Of Atif Aslam (2020)/02. Atif Aslam - Dekhte Dekhte (From \"Batti Gul Meter Chalu\").flac"
2025-12-31T16:16:28 player: played "Atif Aslam - Hits Of Atif Aslam (2020)/03. Palash Muchhal - Musafir From \"Sweetiee Weds Nri\".flac"
2025-12-31T16:20:18 player: played "Atif Aslam - Hits Of Atif Aslam (2020)/04. Atif Aslam - Tera Hua (Unplugged) [From \"Loveyatri - A Journey Of Love\"].flac"
2025-12-31T16:25:17 player: played "Atif Aslam - Hits Of Atif Aslam (2020)/05. Atif Aslam - Pehli Dafa (From \"Pehli Dafa\").flac"
2025-12-31T16:29:28 player: played "Atif Aslam - Hits Of Atif Aslam (2020)/06. Atif Aslam - Baarishein (From \"Baarishein\").flac"
2025-12-31T16:33:24 player: played "Atif Aslam - Hits Of Atif Aslam (2020)/07. Atif Aslam - Paniyon Sa (From \"Satyameva Jayate\").flac"
2025-12-31T16:37:22 player: played "Atif Aslam - Hits Of Atif Aslam (2020)/08. Atif Aslam - Hoor (From \"Hindi Medium\").flac"
2025-12-31T16:55:05 player: played "Atif Aslam - Hits Of Atif Aslam (2020)/09. Atif Aslam - Zindagi Aa Raha Hoon Main (From \"Zindagi Aa Raha Hoon Main\").flac"
2025-12-31T17:24:00 player: played "Atif Aslam - Hits Of Atif Aslam (2020)/10. Atif Aslam - Tu Chahiye (From \"Bajrangi Bhaijaan\").flac"
2025-12-31T17:28:21 player: played "Atif Aslam - Hits Of Atif Aslam (2020)/01. Atif Aslam - O Saathi (From \"Baaghi 2\").flac"
2025-12-31T17:32:37 player: played "Atif Aslam - Hits Of Atif Aslam (2020)/02. Atif Aslam - Dekhte Dekhte (From \"Batti Gul Meter Chalu\").flac"
2025-12-31T19:21:18 player: played "Atif Aslam - Hits Of Atif Aslam (2020)/03. Palash Muchhal - Musafir From \"Sweetiee Weds Nri\".flac"
2025-12-31T19:22:52 update: removing Shaan - Best of Me Shaan/01. Various Interprets - Aye Manya (From "Shootout At Wadala").flac
2025-12-31T19:22:52 update: removing Shaan - Best of Me Shaan/05. Various Interprets - O Re Kanchi (From "Asoka").flac
2025-12-31T19:22:52 update: removing Shaan - Best of Me Shaan/04. Various Interprets - Jab Se Tere Naina (From "Saawariya").flac
2025-12-31T19:22:52 update: removing Shaan - Best of Me Shaan/03. Various Interprets - It's the Time to Disco (From "Kal Ho Naa Ho").flac
2025-12-31T19:22:52 update: removing Shaan - Best of Me Shaan/02. Various Interprets - Where's the Party Tonight (From "Kabhi Alvida Naa Kehna").flac
2025-12-31T19:22:52 update: removing Shaan - Best of Me Shaan/12. Various Interprets - Main Aisa Kyon Hoon (From "Lakshya").flac
2025-12-31T19:22:52 update: removing Shaan - Best of Me Shaan/11. Various Interprets - Rock N Roll Soniye (From "Kabhi Alvida Naa Kehna").flac
2025-12-31T19:22:52 update: removing Shaan - Best of Me Shaan/10. Various Interprets - Woh Pehli Baar (From "Pyaar Mein Kabhi Kabhi").flac
2025-12-31T19:22:52 update: removing Shaan - Best of Me Shaan/09. Jatin Lalit - Tune Mujhe Pehchana Nahin (From "Raju Chacha").flac
2025-12-31T19:22:52 update: removing Shaan - Best of Me Shaan/08. Various Interprets - Musu Musu (From "Pyaar Mein Kabhi Kabhi").flac
2025-12-31T19:22:52 update: removing Shaan - Best of Me Shaan/07. Various Interprets - Kuch Kam (From "Dostana").flac
2025-12-31T19:22:52 update: removing Shaan - Best of Me Shaan/06. Various Interprets - Aaja Lehraate (From "What's Your Rashee?").flac
2025-12-31T19:22:52 update: removing Shaan - Tanha Dil.../8. Shaan - Shaan Se.flac
2025-12-31T19:22:52 update: removing Shaan - Tanha Dil.../7. Shaan - (Baby) Tu Hai Kahan?.flac
2025-12-31T19:22:52 update: removing Shaan - Tanha Dil.../6. Shaan - Faasle.flac
2025-12-31T19:22:52 update: removing Shaan - Tanha Dil.../5. Shaan - Bhool Ja.flac
2025-12-31T19:22:52 update: removing Shaan - Tanha Dil.../4. Shaan - Is Pyar Mein.flac
2025-12-31T19:22:52 update: removing Shaan - Tanha Dil.../3. Shaan - Tujh Sa Na Koi.flac
2025-12-31T19:22:52 update: removing Shaan - Tanha Dil.../2. Shaan - Gum Sum Ho Kyon?.flac
2025-12-31T19:22:52 update: removing Shaan - Tanha Dil.../1. Shaan - Tanha Dil.flac
2025-12-31T20:03:18 update: added Evan Call - Frieren_ Beyond Journey's End - Original Series Soundtrack EP (2023)/01. Evan Call - Journey of a Lifetime ~ Frieren Main Theme.flac
2025-12-31T20:03:18 update: added Evan Call - Frieren_ Beyond Journey's End - Original Series Soundtrack EP (2023)/02. Evan Call - The End of One Journey.flac
2025-12-31T20:03:18 update: added Evan Call - Frieren_ Beyond Journey's End - Original Series Soundtrack EP (2023)/03. Evan Call - A Well-Earned Celebration.flac
2025-12-31T20:03:18 update: added Evan Call - Frieren_ Beyond Journey's End - Original Series Soundtrack EP (2023)/04. Evan Call - For 1000 Years.flac
2025-12-31T20:03:18 update: added Evan Call - Frieren_ Beyond Journey's End - Original Series Soundtrack EP (2023)/05. Evan Call - One Last Adventure.flac
2025-12-31T20:03:18 update: added Evan Call - Frieren_ Beyond Journey's End - Original Series Soundtrack EP (2023)/06. Evan Call - Farewell, My Friend.flac
2025-12-31T20:03:18 update: added Evan Call - Frieren_ Beyond Journey's End - Original Series Soundtrack EP (2023)/07. Evan Call - Departures.flac
2025-12-31T20:03:18 update: added Evan Call - Frieren_ Beyond Journey's End - Original Series Soundtrack EP (2023)/08. Evan Call - Time Flows Ever Onward.flac
2025-12-31T20:03:18 update: added Evan Call - Frieren_ Beyond Journey's End - Original Series Soundtrack EP (2023)/09. Evan Call - Grassy Turtles and Seed Rats.flac
2025-12-31T20:03:18 update: added Evan Call - Frieren_ Beyond Journey's End - Original Series Soundtrack EP (2023)/10. Evan Call - Where the Blue-Moon Weed Grows.flac
2025-12-31T20:03:18 update: added Evan Call - Frieren_ Beyond Journey's End - Original Series Soundtrack EP (2023)/11. Evan Call - Fear Brought Me This Far.flac
2025-12-31T20:03:18 update: added Evan Call - Frieren_ Beyond Journey's End - Original Series Soundtrack EP (2023)/12. Evan Call - Zoltraak.flac
2025-12-31T23:26:54 player: played "Evan Call - Frieren_ Beyond Journey's End - Original Series Soundtrack EP (2023)/01. Evan Call - Journey of a Lifetime ~ Frieren Main Theme.flac"
2026-01-01T12:53:35 player: played "Evan Call - Frieren_ Beyond Journey's End - Original Series Soundtrack EP (2023)/01. Evan Call - Journey of a Lifetime ~ Frieren Main Theme.flac"
2026-01-01T12:56:34 player: played "Evan Call - Frieren_ Beyond Journey's End - Original Series Soundtrack EP (2023)/02. Evan Call - The End of One Journey.flac"
2026-01-01T12:58:50 player: played "Evan Call - Frieren_ Beyond Journey's End - Original Series Soundtrack EP (2023)/03. Evan Call - A Well-Earned Celebration.flac"
2026-01-01T13:07:57 player: played "Evan Call - Frieren_ Beyond Journey's End - Original Series Soundtrack EP (2023)/04. Evan Call - For 1000 Years.flac"
2026-01-01T13:10:25 player: played "Evan Call - Frieren_ Beyond Journey's End - Original Series Soundtrack EP (2023)/05. Evan Call - One Last Adventure.flac"
2026-01-01T13:14:10 player: played "Evan Call - Frieren_ Beyond Journey's End - Original Series Soundtrack EP (2023)/06. Evan Call - Farewell, My Friend.flac"
2026-01-01T13:16:12 player: played "Evan Call - Frieren_ Beyond Journey's End - Original Series Soundtrack EP (2023)/07. Evan Call - Departures.flac"
2026-01-01T13:18:32 player: played "Evan Call - Frieren_ Beyond Journey's End - Original Series Soundtrack EP (2023)/08. Evan Call - Time Flows Ever Onward.flac"
2026-01-01T13:20:23 player: played "Evan Call - Frieren_ Beyond Journey's End - Original Series Soundtrack EP (2023)/09. Evan Call - Grassy Turtles and Seed Rats.flac"
2026-01-01T13:23:25 player: played "Evan Call - Frieren_ Beyond Journey's End - Original Series Soundtrack EP (2023)/10. Evan Call - Where the Blue-Moon Weed Grows.flac"
2026-01-01T13:25:45 player: played "Evan Call - Frieren_ Beyond Journey's End - Original Series Soundtrack EP (2023)/11. Evan Call - Fear Brought Me This Far.flac"
2026-01-01T13:28:34 player: played "Evan Call - Frieren_ Beyond Journey's End - Original Series Soundtrack EP (2023)/12. Evan Call - Zoltraak.flac"
2026-01-01T16:22:53 player: played "Evan Call - Frieren_ Beyond Journey's End - Original Series Soundtrack EP (2023)/01. Evan Call - Journey of a Lifetime ~ Frieren Main Theme.flac"
2026-01-01T16:24:36 player: played "Evan Call - Frieren_ Beyond Journey's End - Original Series Soundtrack EP (2023)/02. Evan Call - The End of One Journey.flac"
2026-01-01T16:45:35 player: played "Evan Call - Frieren_ Beyond Journey's End - Original Series Soundtrack EP (2023)/03. Evan Call - A Well-Earned Celebration.flac"
2026-01-01T16:50:47 player: played "Evan Call - Frieren_ Beyond Journey's End - Original Series Soundtrack EP (2023)/04. Evan Call - For 1000 Years.flac"
2026-01-01T16:53:15 player: played "Evan Call - Frieren_ Beyond Journey's End - Original Series Soundtrack EP (2023)/05. Evan Call - One Last Adventure.flac"
2026-01-01T16:55:23 player: played "Evan Call - Frieren_ Beyond Journey's End - Original Series Soundtrack EP (2023)/06. Evan Call - Farewell, My Friend.flac"
2026-01-01T16:57:25 player: played "Evan Call - Frieren_ Beyond Journey's End - Original Series Soundtrack EP (2023)/07. Evan Call - Departures.flac"
2026-01-01T17:52:17 player: played "Evan Call - Frieren_ Beyond Journey's End - Original Series Soundtrack EP (2023)/08. Evan Call - Time Flows Ever Onward.flac"
2026-01-01T17:57:49 player: played "Evan Call - Frieren_ Beyond Journey's End - Original Series Soundtrack EP (2023)/09. Evan Call - Grassy Turtles and Seed Rats.flac"
2026-01-01T19:14:20 player: played "Evan Call - Frieren_ Beyond Journey's End - Original Series Soundtrack EP (2023)/09. Evan Call - Grassy Turtles and Seed Rats.flac"
2026-01-01T19:17:22 player: played "Evan Call - Frieren_ Beyond Journey's End - Original Series Soundtrack EP (2023)/10. Evan Call - Where the Blue-Moon Weed Grows.flac"
2026-01-01T19:19:42 player: played "Evan Call - Frieren_ Beyond Journey's End - Original Series Soundtrack EP (2023)/11. Evan Call - Fear Brought Me This Far.flac"
2026-01-01T19:22:02 player: played "Evan Call - Frieren_ Beyond Journey's End - Original Series Soundtrack EP (2023)/12. Evan Call - Zoltraak.flac"
2026-01-01T19:25:29 player: played "Evan Call - Frieren_ Beyond Journey's End - Original Series Soundtrack EP (2023)/01. Evan Call - Journey of a Lifetime ~ Frieren Main Theme.flac"
2026-01-01T19:27:11 player: played "Evan Call - Frieren_ Beyond Journey's End - Original Series Soundtrack EP (2023)/02. Evan Call - The End of One Journey.flac"
2026-01-01T19:29:27 player: played "Evan Call - Frieren_ Beyond Journey's End - Original Series Soundtrack EP (2023)/03. Evan Call - A Well-Earned Celebration.flac"
2026-01-01T19:31:56 player: played "Evan Call - Frieren_ Beyond Journey's End - Original Series Soundtrack EP (2023)/04. Evan Call - For 1000 Years.flac"
2026-01-01T19:34:24 player: played "Evan Call - Frieren_ Beyond Journey's End - Original Series Soundtrack EP (2023)/05. Evan Call - One Last Adventure.flac"
2026-01-01T19:36:32 player: played "Evan Call - Frieren_ Beyond Journey's End - Original Series Soundtrack EP (2023)/06. Evan Call - Farewell, My Friend.flac"
2026-01-01T19:37:52 player: played "Evan Call - Frieren_ Beyond Journey's End - Original Series Soundtrack EP (2023)/07. Evan Call - Departures.flac"
2026-01-01T19:42:19 player: played "aur - Tu hai kahan (2023)/1. aur - Tu hai kahan.flac"
2026-01-01T19:46:42 player: played "aur - Tu hai kahan (2023)/1. aur - Tu hai kahan.flac"
2026-01-01T19:51:36 player: played "aur - Tu hai kahan (2023)/1. aur - Tu hai kahan.flac"
2026-01-01T19:55:59 player: played "aur - Tu hai kahan (2023)/1. aur - Tu hai kahan.flac"
2026-01-01T20:00:22 player: played "aur - Tu hai kahan (2023)/1. aur - Tu hai kahan.flac"
2026-01-01T20:03:19 player: played "aur - Tu hai kahan (2023)/1. aur - Tu hai kahan.flac"
2026-01-01T20:07:37 player: played "Atif Aslam - Hits Of Atif Aslam (2020)/01. Atif Aslam - O Saathi (From \"Baaghi 2\").flac"
2026-01-01T20:11:53 player: played "Atif Aslam - Hits Of Atif Aslam (2020)/02. Atif Aslam - Dekhte Dekhte (From \"Batti Gul Meter Chalu\").flac"
2026-01-01T20:57:47 player: played "Atif Aslam - Hits Of Atif Aslam (2020)/03. Palash Muchhal - Musafir From \"Sweetiee Weds Nri\".flac"
2026-01-01T21:01:37 player: played "Atif Aslam - Hits Of Atif Aslam (2020)/04. Atif Aslam - Tera Hua (Unplugged) [From \"Loveyatri - A Journey Of Love\"].flac"
2026-01-02T00:11:10 player: played "Atif Aslam - Hits Of Atif Aslam (2020)/05. Atif Aslam - Pehli Dafa (From \"Pehli Dafa\").flac"
